<?xml version="1.0" encoding="UTF-8"?>
<testsuite name="pl.edu.pjwstk.EduPlanner.rest.TimetableEnvironmentTest" tests="2" skipped="2" failures="0" errors="0" timestamp="2024-12-24T13:48:57" hostname="cyprian-HP-Laptop-14-dk0xxx" time="0.0">
  <properties/>
  <testcase name="solveFastAssert()" classname="pl.edu.pjwstk.EduPlanner.rest.TimetableEnvironmentTest" time="0.0">
    <skipped/>
  </testcase>
  <testcase name="solveFullAssert()" classname="pl.edu.pjwstk.EduPlanner.rest.TimetableEnvironmentTest" time="0.0">
    <skipped/>
  </testcase>
  <system-out><![CDATA[]]></system-out>
  <system-err><![CDATA[]]></system-err>
</testsuite>
